<?xml version="1.0" encoding="UTF-8"?>
<!-- Generated by org.testng.reporters.JUnitReportReporter -->
<testsuite hostname="LIN66005304" name="com.testcases.ImportN50data" tests="1" failures="0" timestamp="2 May 2019 11:36:35 GMT" time="11.012" errors="0">
  <testcase name="test_Import_N50_data" time="11.012" classname="com.testcases.ImportN50data"/>
</testsuite> <!-- com.testcases.ImportN50data -->
