<?xml version="1.0" encoding="UTF-8"?>
<!-- Generated by org.testng.reporters.JUnitReportReporter -->
<testsuite hostname="LIN66005304" name="com.testcases.ImportN50data" tests="1" failures="0" timestamp="3 May 2019 09:38:31 GMT" time="15.791" errors="0">
  <testcase name="test_Import_N50_data" time="15.791" classname="com.testcases.ImportN50data"/>
</testsuite> <!-- com.testcases.ImportN50data -->
